<?xml version="1.1" encoding="UTF-8"?>
<testsuite name="org.openmrs.module.cpm.web.controller.ProposalControllerTest" tests="7" failures="0" errors="0" timestamp="1970-01-01T00:00:00" hostname="openmrs-dev" time="1.381219985472E9">
  <properties/>
  <testcase name="getProposalById_simpleProposal_shouldBindToDto" classname="org.openmrs.module.cpm.web.controller.ProposalControllerTest" time="8.387"/>
  <testcase name="getProposals_simpleProposal_shouldBindToDto" classname="org.openmrs.module.cpm.web.controller.ProposalControllerTest" time="0.04"/>
  <testcase name="addProposal_newDraftProposal_shouldOnlyCreateNewProposal" classname="org.openmrs.module.cpm.web.controller.ProposalControllerTest" time="0.37"/>
  <testcase name="addProposal_newProposalToBeSubmittedStraightAway_shouldCreateNewProposalAndSubmit" classname="org.openmrs.module.cpm.web.controller.ProposalControllerTest" time="0.032"/>
  <testcase name="updateProposal_sendProposal_shouldPersistChangesAndSendProposal" classname="org.openmrs.module.cpm.web.controller.ProposalControllerTest" time="0.032"/>
  <testcase name="updateProposal_saveProposal_shouldPersistChanges" classname="org.openmrs.module.cpm.web.controller.ProposalControllerTest" time="0.031"/>
  <testcase name="findConcepts_shouldFindConcepts" classname="org.openmrs.module.cpm.web.controller.ProposalControllerTest" time="0.292"/>
  <system-out><![CDATA[]]></system-out>
  <system-err><![CDATA[SLF4J: Class path contains multiple SLF4J bindings.
SLF4J: Found binding in [jar:file:/home/vagrant/.gradle/caches/artifacts-26/filestore/org.slf4j/slf4j-log4j12/1.6.0/jar/63810ca9ef9726b38d31b061670dafc951415671/slf4j-log4j12-1.6.0.jar!/org/slf4j/impl/StaticLoggerBinder.class]
SLF4J: Found binding in [jar:file:/home/vagrant/.gradle/caches/artifacts-26/filestore/org.slf4j/slf4j-log4j12/1.6.0/jar/63810ca9ef9726b38d31b061670dafc951415671/slf4j-log4j12-1.6.0.jar!/org/slf4j/impl/StaticLoggerBinder.class]
SLF4J: See http://www.slf4j.org/codes.html#multiple_bindings for an explanation.
]]></system-err>
</testsuite>
