<?xml version="1.1" encoding="UTF-8"?>
<testsuite name="org.openmrs.module.cpm.web.controller.DtoFactoryTest" tests="5" failures="0" errors="0" timestamp="2013-10-08T08:11:50" hostname="openmrs-dev" time="0.18">
  <properties/>
  <testcase name="createProposedConceptResponseDto_basic" classname="org.openmrs.module.cpm.web.controller.DtoFactoryTest" time="0.117"/>
  <testcase name="createProposedConceptResponseDto_withoutPreferredName" classname="org.openmrs.module.cpm.web.controller.DtoFactoryTest" time="0.01"/>
  <testcase name="createProposedConceptResponseDto_withDataType" classname="org.openmrs.module.cpm.web.controller.DtoFactoryTest" time="0.012"/>
  <testcase name="createProposedConceptResponseDto_withNumericDataType" classname="org.openmrs.module.cpm.web.controller.DtoFactoryTest" time="0.02"/>
  <testcase name="createProposedConceptResponseDto_withConceptClass" classname="org.openmrs.module.cpm.web.controller.DtoFactoryTest" time="0.01"/>
  <system-out><![CDATA[]]></system-out>
  <system-err><![CDATA[]]></system-err>
</testsuite>
